INFO:root:Starting MainWindow
INFO:root:Starting MainWindow
INFO:root:Net Tools button clicked
INFO:root:Starting MainWindow
INFO:root:Net Tools button clicked
INFO:root:Starting MainWindow
INFO:root:Net Tools button clicked
INFO:root:Starting MainWindow
INFO:root:Net Tools button clicked
INFO:root:Starting MainWindow
INFO:root:Net Tools button clicked
INFO:root:Starting MainWindow
INFO:root:Net Tools button clicked
INFO:root:Starting MainWindow
INFO:root:Net Tools button clicked
INFO:root:Starting MainWindow
INFO:root:Net Tools button clicked
INFO:root:Starting MainWindow
INFO:root:Net Tools button clicked
INFO:root:Starting MainWindow
INFO:root:Starting MainWindow
INFO:root:Starting MainWindow
INFO:root:Starting MainWindow
INFO:root:Net Tools button clicked
INFO:root:Starting MainWindow
INFO:root:Net Tools button clicked
INFO:root:Starting MainWindow
INFO:root:Net Tools button clicked
INFO:root:Starting MainWindow
INFO:root:Net Tools button clicked
INFO:root:Starting MainWindow
INFO:root:Net Tools button clicked
INFO:root:Starting MainWindow
INFO:root:Net Tools button clicked
INFO:root:Starting MainWindow
INFO:root:Net Tools button clicked
INFO:root:Starting MainWindow
INFO:root:Net Tools button clicked
INFO:root:Starting MainWindow
INFO:root:Net Tools button clicked
INFO:root:Starting MainWindow
INFO:root:Net Tools button clicked
INFO:root:Starting MainWindow
INFO:root:Net Tools button clicked
INFO:root:Starting MainWindow
INFO:root:Net Tools button clicked
INFO:root:Starting MainWindow
INFO:root:Starting MainWindow
INFO:root:Net Tools button clicked
INFO:root:Starting MainWindow
INFO:root:Net Tools button clicked
INFO:root:Net Tools button clicked
INFO:root:Starting MainWindow
INFO:root:Net Tools button clicked
INFO:root:Starting MainWindow
INFO:root:Net Tools button clicked
INFO:root:Net Tools button clicked
INFO:root:Starting MainWindow
INFO:root:Net Tools button clicked
INFO:root:Starting MainWindow
INFO:root:Net Tools button clicked
INFO:root:Starting MainWindow
INFO:root:Net Tools button clicked
INFO:root:Starting MainWindow
INFO:root:Net Tools button clicked
INFO:root:Starting MainWindow
INFO:root:Net Tools button clicked
INFO:root:Starting MainWindow
INFO:root:Starting MainWindow
INFO:root:Net Tools button clicked
INFO:root:Starting MainWindow
INFO:root:Starting MainWindow
INFO:root:Net Tools button clicked
2025-05-10 21:26:55,287 [INFO] Application start
2025-05-10 21:26:58,685 [INFO] Application start
2025-05-10 21:27:07,713 [INFO] Application start
2025-05-10 21:27:10,432 [INFO] Application start
INFO:root:Starting MainWindow
INFO:root:Starting MainWindow
INFO:root:Starting MainWindow
INFO:root:Starting MainWindow
INFO:root:Starting MainWindow
INFO:root:Net Tools button clicked
INFO:root:Net Tools button clicked
INFO:root:Starting MainWindow
INFO:root:Net Tools button clicked
INFO:root:Starting MainWindow
INFO:root:Starting MainWindow
2025-05-11 02:07:11,044 [INFO] Starting MainWindow
2025-05-11 02:07:48,270 [INFO] Starting MainWindow
2025-05-11 02:08:00,474 [INFO] Net Tools button clicked
2025-05-11 02:16:59,645 [INFO] Starting MainWindow
2025-05-11 02:17:02,802 [INFO] Net Tools button clicked
2025-05-11 02:18:24,258 [INFO] Net Tools button clicked
2025-05-11 02:38:24,735 [INFO] Net Tools button clicked
2025-05-11 02:44:01,665 [INFO] Starting MainWindow
2025-05-11 02:44:04,637 [INFO] Net Tools button clicked
2025-05-11 02:51:22,912 [INFO] Starting MainWindow
2025-05-11 02:51:24,771 [INFO] Net Tools button clicked
2025-05-11 02:56:01,831 [INFO] Starting MainWindow
2025-05-11 02:56:05,456 [INFO] Net Tools button clicked
2025-05-11 03:00:38,864 [INFO] Starting MainWindow
2025-05-11 03:00:50,121 [INFO] Net Tools button clicked
2025-05-11 03:01:17,151 [INFO] Starting MainWindow
2025-05-11 03:01:18,780 [INFO] Net Tools button clicked
2025-05-11 03:08:41,570 [INFO] Starting MainWindow
2025-05-11 03:08:44,629 [INFO] Net Tools button clicked
2025-05-11 03:13:20,298 [INFO] Starting MainWindow
2025-05-11 03:13:22,839 [INFO] Net Tools button clicked
2025-05-11 03:17:26,546 [INFO] Starting MainWindow
2025-05-11 03:17:29,216 [INFO] Net Tools button clicked
2025-05-11 03:21:42,265 [INFO] Starting MainWindow
2025-05-11 03:21:44,263 [INFO] Net Tools button clicked
2025-05-11 04:01:44,169 [INFO] Net Tools button clicked
2025-05-11 04:29:55,195 [INFO] Starting MainWindow
2025-05-11 04:51:08,587 [INFO] Starting MainWindow
2025-05-11 05:03:15,985 [INFO] Net Tools button clicked
2025-05-12 02:12:36,991 [INFO] Starting MainWindow
2025-05-12 02:26:53,429 [INFO] Net Tools button clicked
2025-05-13 09:21:04,552 [INFO] Starting MainWindow
2025-05-13 09:23:42,461 [INFO] Net Tools button clicked
2025-05-13 22:28:27,320 [INFO] Starting MainWindow
2025-05-13 22:32:18,982 [INFO] Net Tools button clicked
2025-05-13 23:26:13,358 [INFO] Net Tools button clicked
2025-05-15 02:19:53,125 [INFO] Starting MainWindow
2025-05-15 02:23:45,721 [INFO] Net Tools button clicked
